<?xml version="1.0" encoding="UTF-8"?>
<testsuite name="PairwiseTest" tests="2" skipped="0" failures="0" errors="0" timestamp="2024-12-19T17:15:33" hostname="MacBook-Pro-som-tillhor-Ishaq-2.local" time="0.026">
  <properties/>
  <testcase name="membershipNegative()" classname="PairwiseTest" time="0.019"/>
  <testcase name="membershipPositive()" classname="PairwiseTest" time="0.006"/>
  <system-out><![CDATA[]]></system-out>
  <system-err><![CDATA[]]></system-err>
</testsuite>
